 -----DSS*** ZRRTS:  CAUTION - Data block not found in file.  Unit:   73
 Pathname: //AWISSAWELLA/PRECIP-INC/01MAR2018/1HOUR/GAGE/
 -----DSS--- ZREAD Unit   73; Vers.    1:  //AWISSAWELLA/PRECIP-INC/01APR2018/1HOUR/GAGE/
 -----DSS*** ZRRTS:  CAUTION - Data block not found in file.  Unit:   73
 Pathname: //COLOMBO/PRECIP-INC/01MAR2018/1HOUR/GAGE/
 -----DSS--- ZREAD Unit   73; Vers.    1:  //COLOMBO/PRECIP-INC/01APR2018/1HOUR/GAGE/
 -----DSS---ZWRITE Unit  72; Vers.    1:  //UPPER/FLOW-UNIT GRAPH/TS-PATTERN/1HOUR/RUN:RUN 1/
 -----DSS---ZWRITE Unit  72; Vers.    1:  //LOWER/FLOW-UNIT GRAPH/TS-PATTERN/1HOUR/RUN:RUN 1/
 -----DSS--- ZREAD Unit   73; Vers.    1:  //AWISSAWELLA/PRECIP-INC/01APR2018/1HOUR/GAGE/
 -----DSS--- ZREAD Unit   73; Vers.    1:  //AWISSAWELLA/PRECIP-INC/01APR2018/1HOUR/GAGE/
 -----DSS---ZWRITE Unit   72; Vers.    1:  //UPPER/PRECIP-INC/01APR2018/1HOUR/RUN:RUN 1/
 -----DSS---ZWRITE Unit   72; Vers.    1:  //UPPER/PRECIP-CUM/01APR2018/1HOUR/RUN:RUN 1/
 -----DSS--- ZREAD Unit   73; Vers.    1:  //COLOMBO/PRECIP-INC/01APR2018/1HOUR/GAGE/
 -----DSS--- ZREAD Unit   73; Vers.    1:  //COLOMBO/PRECIP-INC/01APR2018/1HOUR/GAGE/
 -----DSS---ZWRITE Unit   72; Vers.    1:  //LOWER/PRECIP-INC/01APR2018/1HOUR/RUN:RUN 1/
 -----DSS---ZWRITE Unit   72; Vers.    1:  //LOWER/PRECIP-CUM/01APR2018/1HOUR/RUN:RUN 1/
 -----DSS---ZWRITE Unit   72; Vers.    1:  //UPPER/FLOW/01APR2018/1HOUR/RUN:RUN 1/
 -----DSS---ZWRITE Unit   72; Vers.    1:  //HANWELLA/FLOW/01APR2018/1HOUR/RUN:RUN 1/
 -----DSS---ZWRITE Unit   72; Vers.    1:  //HANWELLA/FLOW-COMBINE/01APR2018/1HOUR/RUN:RUN 1/
 -----DSS---ZWRITE Unit   72; Vers.    1:  //LOWER/FLOW/01APR2018/1HOUR/RUN:RUN 1/
 -----DSS---ZWRITE Unit   72; Vers.    1:  //HANWELLA TO SEA/FLOW/01APR2018/1HOUR/RUN:RUN 1/
 -----DSS---ZWRITE Unit   72; Vers.    1:  //HANWELLA TO SEA/FLOW-COMBINE/01APR2018/1HOUR/RUN:RUN 1/
 -----DSS---ZWRITE Unit   72; Vers.    1:  //SEA/FLOW/01APR2018/1HOUR/RUN:RUN 1/
 -----DSS---ZWRITE Unit   72; Vers.    1:  //SEA/FLOW-COMBINE/01APR2018/1HOUR/RUN:RUN 1/
 -----DSS--- ZREAD Unit   72; Vers.    1:  //UPPER/PRECIP-INC/01APR2018/1HOUR/RUN:RUN 1/
 -----DSS--- ZREAD Unit   72; Vers.    1:  //LOWER/PRECIP-INC/01APR2018/1HOUR/RUN:RUN 1/
 -----DSS---ZWRITE Unit   72; Vers.    1:  //UPPER/EXCESS-CANOPY/01APR2018/1HOUR/RUN:RUN 1/
 -----DSS---ZWRITE Unit   72; Vers.    1:  //UPPER/ET-CANOPY/01APR2018/1HOUR/RUN:RUN 1/
 -----DSS---ZWRITE Unit   72; Vers.    1:  //UPPER/ET-POTENTIAL/01APR2018/1HOUR/RUN:RUN 1/
 -----DSS---ZWRITE Unit   72; Vers.    1:  //UPPER/STORAGE-CANOPY/01APR2018/1HOUR/RUN:RUN 1/
 -----DSS---ZWRITE Unit   72; Vers.    1:  //UPPER/PRECIP-EXCESS/01APR2018/1HOUR/RUN:RUN 1/
 -----DSS---ZWRITE Unit   72; Vers.    1:  //UPPER/PRECIP-EXCESS-CUM/01APR2018/1HOUR/RUN:RUN 1/
 -----DSS---ZWRITE Unit   72; Vers.    1:  //UPPER/ET-SURFACE/01APR2018/1HOUR/RUN:RUN 1/
 -----DSS---ZWRITE Unit   72; Vers.    1:  //UPPER/STORAGE-SURFACE/01APR2018/1HOUR/RUN:RUN 1/
 -----DSS---ZWRITE Unit   72; Vers.    1:  //UPPER/INFILTRATION/01APR2018/1HOUR/RUN:RUN 1/
 -----DSS--- ZREAD Unit   72; Vers.    1:  //UPPER/PRECIP-EXCESS/01APR2018/1HOUR/RUN:RUN 1/
 -----DSS---ZWRITE Unit   72; Vers.    1:  //UPPER/PRECIP-LOSS/01APR2018/1HOUR/RUN:RUN 1/
 -----DSS--- ZREAD Unit   72; Vers.    1:  //UPPER/PRECIP-LOSS/01APR2018/1HOUR/RUN:RUN 1/
 -----DSS---ZWRITE Unit   72; Vers.    1:  //UPPER/PRECIP-LOSS-CUM/01APR2018/1HOUR/RUN:RUN 1/
 -----DSS---ZWRITE Unit   72; Vers.    1:  //UPPER/STORAGE-SOIL/01APR2018/1HOUR/RUN:RUN 1/
 -----DSS---ZWRITE Unit   72; Vers.    1:  //UPPER/PERC-SOIL/01APR2018/1HOUR/RUN:RUN 1/
 -----DSS---ZWRITE Unit   72; Vers.    1:  //UPPER/SATURATION FRACTION/01APR2018/1HOUR/RUN:RUN 1/
 -----DSS---ZWRITE Unit   72; Vers.    1:  //UPPER/OUTFLOW-GW-1/01APR2018/1HOUR/RUN:RUN 1/
 -----DSS---ZWRITE Unit   72; Vers.    1:  //UPPER/PERC-GW-1/01APR2018/1HOUR/RUN:RUN 1/
 -----DSS---ZWRITE Unit   72; Vers.    1:  //UPPER/STORAGE-GW-1/01APR2018/1HOUR/RUN:RUN 1/
 -----DSS---ZWRITE Unit   72; Vers.    1:  //UPPER/OUTFLOW-GW-2/01APR2018/1HOUR/RUN:RUN 1/
 -----DSS---ZWRITE Unit   72; Vers.    1:  //UPPER/PERC-GW-2/01APR2018/1HOUR/RUN:RUN 1/
 -----DSS---ZWRITE Unit   72; Vers.    1:  //UPPER/STORAGE-GW-2/01APR2018/1HOUR/RUN:RUN 1/
 -----DSS--- ZREAD Unit   72; Vers.    1:  //UPPER/PRECIP-EXCESS/01APR2018/1HOUR/RUN:RUN 1/
 -----DSS--- ZREAD Unit   72; Vers.    1:  //UPPER/PRECIP-EXCESS/01APR2018/1HOUR/RUN:RUN 1/
 -----DSS---ZWRITE Unit   72; Vers.    1:  //UPPER/FLOW-DIRECT/01APR2018/1HOUR/RUN:RUN 1/
 -----DSS---ZWRITE Unit   72; Vers.    1:  //UPPER/FLOW-BASE/01APR2018/1HOUR/RUN:RUN 1/
 -----DSS---ZWRITE Unit   72; Vers.    2:  //UPPER/FLOW/01APR2018/1HOUR/RUN:RUN 1/
 -----DSS---ZWRITE Unit   72; Vers.    1:  //LOWER/PRECIP-EXCESS/01APR2018/1HOUR/RUN:RUN 1/
 -----DSS---ZWRITE Unit   72; Vers.    1:  //LOWER/PRECIP-EXCESS-CUM/01APR2018/1HOUR/RUN:RUN 1/
 -----DSS---ZWRITE Unit   72; Vers.    1:  //LOWER/INFILTRATION/01APR2018/1HOUR/RUN:RUN 1/
 -----DSS--- ZREAD Unit   72; Vers.    1:  //LOWER/PRECIP-EXCESS/01APR2018/1HOUR/RUN:RUN 1/
 -----DSS---ZWRITE Unit   72; Vers.    1:  //LOWER/PRECIP-LOSS/01APR2018/1HOUR/RUN:RUN 1/
 -----DSS--- ZREAD Unit   72; Vers.    1:  //LOWER/PRECIP-LOSS/01APR2018/1HOUR/RUN:RUN 1/
 -----DSS---ZWRITE Unit   72; Vers.    1:  //LOWER/PRECIP-LOSS-CUM/01APR2018/1HOUR/RUN:RUN 1/
 -----DSS--- ZREAD Unit   72; Vers.    1:  //LOWER/PRECIP-EXCESS/01APR2018/1HOUR/RUN:RUN 1/
 -----DSS--- ZREAD Unit   72; Vers.    1:  //LOWER/PRECIP-EXCESS/01APR2018/1HOUR/RUN:RUN 1/
 -----DSS---ZWRITE Unit   72; Vers.    1:  //LOWER/FLOW-DIRECT/01APR2018/1HOUR/RUN:RUN 1/
 -----DSS---ZWRITE Unit   72; Vers.    1:  //LOWER/FLOW-BASE/01APR2018/1HOUR/RUN:RUN 1/
 -----DSS---ZWRITE Unit   72; Vers.    2:  //LOWER/FLOW/01APR2018/1HOUR/RUN:RUN 1/
 -----DSS---ZWRITE Unit   72; Vers.    2:  //HANWELLA/FLOW-COMBINE/01APR2018/1HOUR/RUN:RUN 1/
 -----DSS---ZWRITE Unit   72; Vers.    2:  //HANWELLA/FLOW/01APR2018/1HOUR/RUN:RUN 1/
 -----DSS--- ZREAD Unit   72; Vers.    2:  //HANWELLA/FLOW/01APR2018/1HOUR/RUN:RUN 1/
 -----DSS--- ZREAD Unit   72; Vers.    2:  //HANWELLA/FLOW/01APR2018/1HOUR/RUN:RUN 1/
 -----DSS---ZSRTS: All values set to missing
 Pathname: //HANWELLA/FLOW-LOCAL/01APR2018/1HOUR/RUN:RUN 1/
 -----DSS---ZSRTS: All values set to missing
 Pathname: //HANWELLA/FLOW-LOCAL-SIM/01APR2018/1HOUR/RUN:RUN 1/
 -----DSS--- ZREAD Unit   72; Vers.    2:  //HANWELLA/FLOW/01APR2018/1HOUR/RUN:RUN 1/
 -----DSS---ZWRITE Unit   72; Vers.    2:  //HANWELLA TO SEA/FLOW-COMBINE/01APR2018/1HOUR/RUN:RUN 1/
 -----DSS---ZWRITE Unit   72; Vers.    2:  //HANWELLA TO SEA/FLOW/01APR2018/1HOUR/RUN:RUN 1/
 -----DSS---ZWRITE Unit   72; Vers.    2:  //SEA/FLOW-COMBINE/01APR2018/1HOUR/RUN:RUN 1/
 -----DSS---ZWRITE Unit   72; Vers.    2:  //SEA/FLOW/01APR2018/1HOUR/RUN:RUN 1/
 -----DSS--- ZREAD Unit   72; Vers.    1:  //UPPER/PRECIP-INC/01APR2018/1HOUR/RUN:RUN 1/
 -----DSS--- ZREAD Unit   72; Vers.    1:  //LOWER/PRECIP-INC/01APR2018/1HOUR/RUN:RUN 1/
 -----DSS---ZWRITE Unit   72; Vers.    2:  //UPPER/EXCESS-CANOPY/01APR2018/1HOUR/RUN:RUN 1/
 -----DSS---ZWRITE Unit   72; Vers.    2:  //UPPER/ET-CANOPY/01APR2018/1HOUR/RUN:RUN 1/
 -----DSS---ZWRITE Unit   72; Vers.    2:  //UPPER/ET-POTENTIAL/01APR2018/1HOUR/RUN:RUN 1/
 -----DSS---ZWRITE Unit   72; Vers.    2:  //UPPER/STORAGE-CANOPY/01APR2018/1HOUR/RUN:RUN 1/
 -----DSS---ZWRITE Unit   72; Vers.    2:  //UPPER/PRECIP-EXCESS/01APR2018/1HOUR/RUN:RUN 1/
 -----DSS---ZWRITE Unit   72; Vers.    2:  //UPPER/PRECIP-EXCESS-CUM/01APR2018/1HOUR/RUN:RUN 1/
 -----DSS---ZWRITE Unit   72; Vers.    2:  //UPPER/ET-SURFACE/01APR2018/1HOUR/RUN:RUN 1/
 -----DSS---ZWRITE Unit   72; Vers.    2:  //UPPER/STORAGE-SURFACE/01APR2018/1HOUR/RUN:RUN 1/
 -----DSS---ZWRITE Unit   72; Vers.    2:  //UPPER/INFILTRATION/01APR2018/1HOUR/RUN:RUN 1/
 -----DSS--- ZREAD Unit   72; Vers.    2:  //UPPER/PRECIP-EXCESS/01APR2018/1HOUR/RUN:RUN 1/
 -----DSS---ZWRITE Unit   72; Vers.    2:  //UPPER/PRECIP-LOSS/01APR2018/1HOUR/RUN:RUN 1/
 -----DSS--- ZREAD Unit   72; Vers.    2:  //UPPER/PRECIP-LOSS/01APR2018/1HOUR/RUN:RUN 1/
 -----DSS---ZWRITE Unit   72; Vers.    2:  //UPPER/PRECIP-LOSS-CUM/01APR2018/1HOUR/RUN:RUN 1/
 -----DSS---ZWRITE Unit   72; Vers.    2:  //UPPER/STORAGE-SOIL/01APR2018/1HOUR/RUN:RUN 1/
 -----DSS---ZWRITE Unit   72; Vers.    2:  //UPPER/PERC-SOIL/01APR2018/1HOUR/RUN:RUN 1/
 -----DSS---ZWRITE Unit   72; Vers.    2:  //UPPER/SATURATION FRACTION/01APR2018/1HOUR/RUN:RUN 1/
 -----DSS---ZWRITE Unit   72; Vers.    2:  //UPPER/OUTFLOW-GW-1/01APR2018/1HOUR/RUN:RUN 1/
 -----DSS---ZWRITE Unit   72; Vers.    2:  //UPPER/PERC-GW-1/01APR2018/1HOUR/RUN:RUN 1/
 -----DSS---ZWRITE Unit   72; Vers.    2:  //UPPER/STORAGE-GW-1/01APR2018/1HOUR/RUN:RUN 1/
 -----DSS---ZWRITE Unit   72; Vers.    2:  //UPPER/OUTFLOW-GW-2/01APR2018/1HOUR/RUN:RUN 1/
 -----DSS---ZWRITE Unit   72; Vers.    2:  //UPPER/PERC-GW-2/01APR2018/1HOUR/RUN:RUN 1/
 -----DSS---ZWRITE Unit   72; Vers.    2:  //UPPER/STORAGE-GW-2/01APR2018/1HOUR/RUN:RUN 1/
 -----DSS--- ZREAD Unit   72; Vers.    2:  //UPPER/PRECIP-EXCESS/01APR2018/1HOUR/RUN:RUN 1/
 -----DSS--- ZREAD Unit   72; Vers.    2:  //UPPER/PRECIP-EXCESS/01APR2018/1HOUR/RUN:RUN 1/
 -----DSS---ZWRITE Unit   72; Vers.    2:  //UPPER/FLOW-DIRECT/01APR2018/1HOUR/RUN:RUN 1/
 -----DSS---ZWRITE Unit   72; Vers.    2:  //UPPER/FLOW-BASE/01APR2018/1HOUR/RUN:RUN 1/
 -----DSS---ZWRITE Unit   72; Vers.    3:  //UPPER/FLOW/01APR2018/1HOUR/RUN:RUN 1/
 -----DSS---ZWRITE Unit   72; Vers.    2:  //LOWER/PRECIP-EXCESS/01APR2018/1HOUR/RUN:RUN 1/
 -----DSS---ZWRITE Unit   72; Vers.    2:  //LOWER/PRECIP-EXCESS-CUM/01APR2018/1HOUR/RUN:RUN 1/
 -----DSS---ZWRITE Unit   72; Vers.    2:  //LOWER/INFILTRATION/01APR2018/1HOUR/RUN:RUN 1/
 -----DSS--- ZREAD Unit   72; Vers.    2:  //LOWER/PRECIP-EXCESS/01APR2018/1HOUR/RUN:RUN 1/
 -----DSS---ZWRITE Unit   72; Vers.    2:  //LOWER/PRECIP-LOSS/01APR2018/1HOUR/RUN:RUN 1/
 -----DSS--- ZREAD Unit   72; Vers.    2:  //LOWER/PRECIP-LOSS/01APR2018/1HOUR/RUN:RUN 1/
 -----DSS---ZWRITE Unit   72; Vers.    2:  //LOWER/PRECIP-LOSS-CUM/01APR2018/1HOUR/RUN:RUN 1/
 -----DSS--- ZREAD Unit   72; Vers.    2:  //LOWER/PRECIP-EXCESS/01APR2018/1HOUR/RUN:RUN 1/
 -----DSS--- ZREAD Unit   72; Vers.    2:  //LOWER/PRECIP-EXCESS/01APR2018/1HOUR/RUN:RUN 1/
 -----DSS---ZWRITE Unit   72; Vers.    2:  //LOWER/FLOW-DIRECT/01APR2018/1HOUR/RUN:RUN 1/
 -----DSS---ZWRITE Unit   72; Vers.    2:  //LOWER/FLOW-BASE/01APR2018/1HOUR/RUN:RUN 1/
 -----DSS---ZWRITE Unit   72; Vers.    3:  //LOWER/FLOW/01APR2018/1HOUR/RUN:RUN 1/
 -----DSS---ZWRITE Unit   72; Vers.    3:  //HANWELLA/FLOW-COMBINE/01APR2018/1HOUR/RUN:RUN 1/
 -----DSS---ZWRITE Unit   72; Vers.    3:  //HANWELLA/FLOW/01APR2018/1HOUR/RUN:RUN 1/
 -----DSS--- ZREAD Unit   72; Vers.    3:  //HANWELLA/FLOW/01APR2018/1HOUR/RUN:RUN 1/
 -----DSS--- ZREAD Unit   72; Vers.    3:  //HANWELLA/FLOW/01APR2018/1HOUR/RUN:RUN 1/
 -----DSS---ZSRTS: All values set to missing
 Pathname: //HANWELLA/FLOW-LOCAL/01APR2018/1HOUR/RUN:RUN 1/
 -----DSS---ZSRTS: All values set to missing
 Pathname: //HANWELLA/FLOW-LOCAL-SIM/01APR2018/1HOUR/RUN:RUN 1/
 -----DSS--- ZREAD Unit   72; Vers.    3:  //HANWELLA/FLOW/01APR2018/1HOUR/RUN:RUN 1/
 -----DSS---ZWRITE Unit   72; Vers.    3:  //HANWELLA TO SEA/FLOW-COMBINE/01APR2018/1HOUR/RUN:RUN 1/
 -----DSS---ZWRITE Unit   72; Vers.    3:  //HANWELLA TO SEA/FLOW/01APR2018/1HOUR/RUN:RUN 1/
 -----DSS---ZWRITE Unit   72; Vers.    3:  //SEA/FLOW-COMBINE/01APR2018/1HOUR/RUN:RUN 1/
 -----DSS---ZWRITE Unit   72; Vers.    3:  //SEA/FLOW/01APR2018/1HOUR/RUN:RUN 1/
